<?xml version="1.0" encoding="UTF-8"?>
<coverage generated="1710542913096" clover="3.2.0">
  <project timestamp="1710542913096" name="All files">
    <metrics statements="14" coveredstatements="6" conditionals="3" coveredconditionals="0" methods="4" coveredmethods="0" elements="21" coveredelements="6" complexity="0" loc="14" ncloc="14" packages="1" files="2" classes="2"/>
    <file name="Update.js" path="E:\CsBe\Semester 4\M-323\04_Data\modul323-counter\src\Update.js">
      <metrics statements="7" coveredstatements="2" conditionals="3" coveredconditionals="0" methods="1" coveredmethods="0"/>
      <line num="3" count="1" type="stmt"/>
      <line num="11" count="0" type="cond" truecount="0" falsecount="3"/>
      <line num="13" count="0" type="stmt"/>
      <line num="16" count="0" type="stmt"/>
      <line num="18" count="0" type="stmt"/>
      <line num="19" count="0" type="stmt"/>
      <line num="22" count="1" type="stmt"/>
    </file>
    <file name="View.js" path="E:\CsBe\Semester 4\M-323\04_Data\modul323-counter\src\View.js">
      <metrics statements="7" coveredstatements="4" conditionals="0" coveredconditionals="0" methods="3" coveredmethods="0"/>
      <line num="1" count="1" type="stmt"/>
      <line num="2" count="1" type="stmt"/>
      <line num="5" count="1" type="stmt"/>
      <line num="9" count="0" type="stmt"/>
      <line num="11" count="0" type="stmt"/>
      <line num="13" count="0" type="stmt"/>
      <line num="19" count="1" type="stmt"/>
    </file>
  </project>
</coverage>
