{"E:\\CsBe\\Semester 4\\M-323\\04_Data\\modul323-counter\\src\\Update.js": {"path":"E:\\CsBe\\Semester 4\\M-323\\04_Data\\modul323-counter\\src\\Update.js","statementMap":{"0":{"start":{"line":3,"column":13},"end":{"line":7,"column":3}},"1":{"start":{"line":11,"column":4},"end":{"line":19,"column":5}},"2":{"start":{"line":13,"column":8},"end":{"line":13,"column":74}},"3":{"start":{"line":16,"column":8},"end":{"line":16,"column":57}},"4":{"start":{"line":18,"column":8},"end":{"line":18,"column":21}},"5":{"start":{"line":19,"column":5},"end":{"line":19,"column":7}},"6":{"start":{"line":22,"column":2},"end":{"line":22,"column":33}}},"fnMap":{"0":{"name":"update","decl":{"start":{"line":10,"column":9},"end":{"line":10,"column":15}},"loc":{"start":{"line":10,"column":28},"end":{"line":20,"column":3}},"line":10}},"branchMap":{"0":{"loc":{"start":{"line":11,"column":4},"end":{"line":19,"column":5}},"type":"switch","locations":[{"start":{"line":12,"column":6},"end":{"line":13,"column":74}},{"start":{"line":15,"column":6},"end":{"line":16,"column":57}},{"start":{"line":17,"column":6},"end":{"line":18,"column":21}}],"line":11}},"s":{"0":1,"1":0,"2":0,"3":0,"4":0,"5":0,"6":1},"f":{"0":0},"b":{"0":[0,0,0]},"_coverageSchema":"1a1c01bbd47fc00a2c39e90264f33305004495a9","hash":"43a38dbcc2562ca7000fc5d5239e4b0d2559e618"}
,"E:\\CsBe\\Semester 4\\M-323\\04_Data\\modul323-counter\\src\\View.js": {"path":"E:\\CsBe\\Semester 4\\M-323\\04_Data\\modul323-counter\\src\\View.js","statementMap":{"0":{"start":{"line":1,"column":11},"end":{"line":1,"column":42}},"1":{"start":{"line":2,"column":27},"end":{"line":2,"column":50}},"2":{"start":{"line":5,"column":31},"end":{"line":5,"column":36}},"3":{"start":{"line":9,"column":4},"end":{"line":16,"column":7}},"4":{"start":{"line":11,"column":51},"end":{"line":11,"column":78}},"5":{"start":{"line":13,"column":51},"end":{"line":13,"column":86}},"6":{"start":{"line":19,"column":2},"end":{"line":19,"column":25}}},"fnMap":{"0":{"name":"view","decl":{"start":{"line":8,"column":9},"end":{"line":8,"column":13}},"loc":{"start":{"line":8,"column":31},"end":{"line":17,"column":3}},"line":8},"1":{"name":"(anonymous_1)","decl":{"start":{"line":11,"column":45},"end":{"line":11,"column":46}},"loc":{"start":{"line":11,"column":51},"end":{"line":11,"column":78}},"line":11},"2":{"name":"(anonymous_2)","decl":{"start":{"line":13,"column":45},"end":{"line":13,"column":46}},"loc":{"start":{"line":13,"column":51},"end":{"line":13,"column":86}},"line":13}},"branchMap":{},"s":{"0":1,"1":1,"2":1,"3":0,"4":0,"5":0,"6":1},"f":{"0":0,"1":0,"2":0},"b":{},"_coverageSchema":"1a1c01bbd47fc00a2c39e90264f33305004495a9","hash":"32bfe11567b368e7ca6f72f3e2a4a933689f50e8"}
}
